{"/Users/user/Desktop/FullStack/Part5/bloglist-frontend/src/App.jsx": {"path":"/Users/user/Desktop/FullStack/Part5/bloglist-frontend/src/App.jsx","statementMap":{"0":{"start":{"line":7,"column":12},"end":{"line":78,"column":1}},"1":{"start":{"line":9,"column":42},"end":{"line":9,"column":56}},"2":{"start":{"line":11,"column":28},"end":{"line":11,"column":40}},"3":{"start":{"line":13,"column":34},"end":{"line":13,"column":46}},"4":{"start":{"line":14,"column":34},"end":{"line":14,"column":46}},"5":{"start":{"line":16,"column":26},"end":{"line":16,"column":40}},"6":{"start":{"line":18,"column":34},"end":{"line":18,"column":46}},"7":{"start":{"line":19,"column":30},"end":{"line":19,"column":42}},"8":{"start":{"line":22,"column":2},"end":{"line":37,"column":9}},"9":{"start":{"line":23,"column":21},"end":{"line":35,"column":5}},"10":{"start":{"line":24,"column":20},"end":{"line":24,"column":46}},"11":{"start":{"line":26,"column":6},"end":{"line":26,"column":46}},"12":{"start":{"line":26,"column":27},"end":{"line":26,"column":44}},"13":{"start":{"line":27,"column":6},"end":{"line":27,"column":22}},"14":{"start":{"line":28,"column":6},"end":{"line":34,"column":7}},"15":{"start":{"line":30,"column":8},"end":{"line":30,"column":44}},"16":{"start":{"line":31,"column":8},"end":{"line":33,"column":17}},"17":{"start":{"line":32,"column":10},"end":{"line":32,"column":32}},"18":{"start":{"line":36,"column":4},"end":{"line":36,"column":15}},"19":{"start":{"line":40,"column":2},"end":{"line":48,"column":9}},"20":{"start":{"line":41,"column":27},"end":{"line":41,"column":68}},"21":{"start":{"line":42,"column":4},"end":{"line":42,"column":32}},"22":{"start":{"line":43,"column":4},"end":{"line":47,"column":5}},"23":{"start":{"line":44,"column":19},"end":{"line":44,"column":45}},"24":{"start":{"line":45,"column":6},"end":{"line":45,"column":20}},"25":{"start":{"line":46,"column":6},"end":{"line":46,"column":39}},"26":{"start":{"line":50,"column":2},"end":{"line":77,"column":4}}},"fnMap":{"0":{"name":"(anonymous_0)","decl":{"start":{"line":7,"column":12},"end":{"line":7,"column":13}},"loc":{"start":{"line":7,"column":18},"end":{"line":78,"column":1}},"line":7},"1":{"name":"(anonymous_1)","decl":{"start":{"line":22,"column":12},"end":{"line":22,"column":13}},"loc":{"start":{"line":22,"column":18},"end":{"line":37,"column":3}},"line":22},"2":{"name":"(anonymous_2)","decl":{"start":{"line":23,"column":21},"end":{"line":23,"column":22}},"loc":{"start":{"line":23,"column":33},"end":{"line":35,"column":5}},"line":23},"3":{"name":"(anonymous_3)","decl":{"start":{"line":26,"column":17},"end":{"line":26,"column":18}},"loc":{"start":{"line":26,"column":27},"end":{"line":26,"column":44}},"line":26},"4":{"name":"(anonymous_4)","decl":{"start":{"line":31,"column":19},"end":{"line":31,"column":20}},"loc":{"start":{"line":31,"column":25},"end":{"line":33,"column":9}},"line":31},"5":{"name":"(anonymous_5)","decl":{"start":{"line":40,"column":12},"end":{"line":40,"column":13}},"loc":{"start":{"line":40,"column":18},"end":{"line":48,"column":3}},"line":40}},"branchMap":{"0":{"loc":{"start":{"line":28,"column":6},"end":{"line":34,"column":7}},"type":"if","locations":[{"start":{"line":28,"column":6},"end":{"line":34,"column":7}},{"start":{},"end":{}}],"line":28},"1":{"loc":{"start":{"line":43,"column":4},"end":{"line":47,"column":5}},"type":"if","locations":[{"start":{"line":43,"column":4},"end":{"line":47,"column":5}},{"start":{},"end":{}}],"line":43},"2":{"loc":{"start":{"line":54,"column":7},"end":{"line":75,"column":7}},"type":"cond-expr","locations":[{"start":{"line":55,"column":8},"end":{"line":65,"column":10}},{"start":{"line":67,"column":8},"end":{"line":74,"column":10}}],"line":54}},"s":{"0":0,"1":0,"2":0,"3":0,"4":0,"5":0,"6":0,"7":0,"8":0,"9":0,"10":0,"11":0,"12":0,"13":0,"14":0,"15":0,"16":0,"17":0,"18":0,"19":0,"20":0,"21":0,"22":0,"23":0,"24":0,"25":0,"26":0},"f":{"0":0,"1":0,"2":0,"3":0,"4":0,"5":0},"b":{"0":[0,0],"1":[0,0],"2":[0,0]}}
,"/Users/user/Desktop/FullStack/Part5/bloglist-frontend/src/main.jsx": {"path":"/Users/user/Desktop/FullStack/Part5/bloglist-frontend/src/main.jsx","statementMap":{"0":{"start":{"line":4,"column":0},"end":{"line":4,"column":68}}},"fnMap":{},"branchMap":{},"s":{"0":0},"f":{},"b":{}}
,"/Users/user/Desktop/FullStack/Part5/bloglist-frontend/src/components/Blog.jsx": {"path":"/Users/user/Desktop/FullStack/Part5/bloglist-frontend/src/components/Blog.jsx","statementMap":{"0":{"start":{"line":4,"column":13},"end":{"line":99,"column":1}},"1":{"start":{"line":6,"column":26},"end":{"line":6,"column":38}},"2":{"start":{"line":8,"column":28},"end":{"line":8,"column":48}},"3":{"start":{"line":11,"column":16},"end":{"line":15,"column":3}},"4":{"start":{"line":12,"column":4},"end":{"line":12,"column":39}},"5":{"start":{"line":13,"column":4},"end":{"line":13,"column":44}},"6":{"start":{"line":13,"column":25},"end":{"line":13,"column":42}},"7":{"start":{"line":14,"column":4},"end":{"line":14,"column":20}},"8":{"start":{"line":18,"column":15},"end":{"line":43,"column":3}},"9":{"start":{"line":20,"column":24},"end":{"line":20,"column":53}},"10":{"start":{"line":22,"column":4},"end":{"line":22,"column":24}},"11":{"start":{"line":24,"column":4},"end":{"line":42,"column":5}},"12":{"start":{"line":25,"column":23},"end":{"line":25,"column":69}},"13":{"start":{"line":27,"column":6},"end":{"line":29,"column":7}},"14":{"start":{"line":28,"column":8},"end":{"line":28,"column":16}},"15":{"start":{"line":32,"column":6},"end":{"line":36,"column":7}},"16":{"start":{"line":33,"column":8},"end":{"line":33,"column":31}},"17":{"start":{"line":34,"column":8},"end":{"line":34,"column":53}},"18":{"start":{"line":35,"column":8},"end":{"line":35,"column":22}},"19":{"start":{"line":38,"column":6},"end":{"line":38,"column":42}},"20":{"start":{"line":39,"column":6},"end":{"line":41,"column":15}},"21":{"start":{"line":40,"column":8},"end":{"line":40,"column":30}},"22":{"start":{"line":46,"column":17},"end":{"line":71,"column":3}},"23":{"start":{"line":48,"column":4},"end":{"line":70,"column":5}},"24":{"start":{"line":50,"column":6},"end":{"line":52,"column":7}},"25":{"start":{"line":53,"column":6},"end":{"line":55,"column":7}},"26":{"start":{"line":54,"column":8},"end":{"line":54,"column":15}},"27":{"start":{"line":56,"column":6},"end":{"line":56,"column":40}},"28":{"start":{"line":58,"column":6},"end":{"line":58,"column":14}},"29":{"start":{"line":60,"column":6},"end":{"line":64,"column":7}},"30":{"start":{"line":61,"column":8},"end":{"line":61,"column":31}},"31":{"start":{"line":62,"column":8},"end":{"line":62,"column":53}},"32":{"start":{"line":63,"column":8},"end":{"line":63,"column":22}},"33":{"start":{"line":66,"column":6},"end":{"line":66,"column":44}},"34":{"start":{"line":67,"column":6},"end":{"line":69,"column":15}},"35":{"start":{"line":68,"column":8},"end":{"line":68,"column":30}},"36":{"start":{"line":73,"column":2},"end":{"line":98,"column":4}},"37":{"start":{"line":77,"column":62},"end":{"line":77,"column":77}},"38":{"start":{"line":93,"column":35},"end":{"line":93,"column":46}}},"fnMap":{"0":{"name":"(anonymous_0)","decl":{"start":{"line":4,"column":13},"end":{"line":4,"column":14}},"loc":{"start":{"line":4,"column":70},"end":{"line":99,"column":1}},"line":4},"1":{"name":"(anonymous_1)","decl":{"start":{"line":11,"column":16},"end":{"line":11,"column":17}},"loc":{"start":{"line":11,"column":28},"end":{"line":15,"column":3}},"line":11},"2":{"name":"(anonymous_2)","decl":{"start":{"line":13,"column":15},"end":{"line":13,"column":16}},"loc":{"start":{"line":13,"column":25},"end":{"line":13,"column":42}},"line":13},"3":{"name":"(anonymous_3)","decl":{"start":{"line":18,"column":15},"end":{"line":18,"column":16}},"loc":{"start":{"line":18,"column":27},"end":{"line":43,"column":3}},"line":18},"4":{"name":"(anonymous_4)","decl":{"start":{"line":39,"column":17},"end":{"line":39,"column":18}},"loc":{"start":{"line":39,"column":23},"end":{"line":41,"column":7}},"line":39},"5":{"name":"(anonymous_5)","decl":{"start":{"line":46,"column":17},"end":{"line":46,"column":18}},"loc":{"start":{"line":46,"column":29},"end":{"line":71,"column":3}},"line":46},"6":{"name":"(anonymous_6)","decl":{"start":{"line":67,"column":17},"end":{"line":67,"column":18}},"loc":{"start":{"line":67,"column":23},"end":{"line":69,"column":7}},"line":67},"7":{"name":"(anonymous_7)","decl":{"start":{"line":77,"column":56},"end":{"line":77,"column":57}},"loc":{"start":{"line":77,"column":62},"end":{"line":77,"column":77}},"line":77},"8":{"name":"(anonymous_8)","decl":{"start":{"line":93,"column":29},"end":{"line":93,"column":30}},"loc":{"start":{"line":93,"column":35},"end":{"line":93,"column":46}},"line":93}},"branchMap":{"0":{"loc":{"start":{"line":27,"column":6},"end":{"line":29,"column":7}},"type":"if","locations":[{"start":{"line":27,"column":6},"end":{"line":29,"column":7}},{"start":{},"end":{}}],"line":27},"1":{"loc":{"start":{"line":32,"column":6},"end":{"line":36,"column":7}},"type":"if","locations":[{"start":{"line":32,"column":6},"end":{"line":36,"column":7}},{"start":{},"end":{}}],"line":32},"2":{"loc":{"start":{"line":53,"column":6},"end":{"line":55,"column":7}},"type":"if","locations":[{"start":{"line":53,"column":6},"end":{"line":55,"column":7}},{"start":{},"end":{}}],"line":53},"3":{"loc":{"start":{"line":60,"column":6},"end":{"line":64,"column":7}},"type":"if","locations":[{"start":{"line":60,"column":6},"end":{"line":64,"column":7}},{"start":{},"end":{}}],"line":60},"4":{"loc":{"start":{"line":82,"column":9},"end":{"line":95,"column":16}},"type":"cond-expr","locations":[{"start":{"line":83,"column":10},"end":{"line":94,"column":16}},{"start":{"line":95,"column":12},"end":{"line":95,"column":16}}],"line":82}},"s":{"0":1,"1":1,"2":1,"3":1,"4":0,"5":0,"6":0,"7":0,"8":1,"9":0,"10":0,"11":0,"12":0,"13":0,"14":0,"15":0,"16":0,"17":0,"18":0,"19":0,"20":0,"21":0,"22":1,"23":0,"24":0,"25":0,"26":0,"27":0,"28":0,"29":0,"30":0,"31":0,"32":0,"33":0,"34":0,"35":0,"36":1,"37":0,"38":0},"f":{"0":1,"1":0,"2":0,"3":0,"4":0,"5":0,"6":0,"7":0,"8":0},"b":{"0":[0,0],"1":[0,0],"2":[0,0],"3":[0,0],"4":[0,1]},"_coverageSchema":"1a1c01bbd47fc00a2c39e90264f33305004495a9","hash":"1c341eafdc94225768a243314cbfbe6eefe943e4"}
,"/Users/user/Desktop/FullStack/Part5/bloglist-frontend/src/components/BlogForm.jsx": {"path":"/Users/user/Desktop/FullStack/Part5/bloglist-frontend/src/components/BlogForm.jsx","statementMap":{"0":{"start":{"line":6,"column":17},"end":{"line":73,"column":1}},"1":{"start":{"line":8,"column":32},"end":{"line":8,"column":44}},"2":{"start":{"line":11,"column":23},"end":{"line":14,"column":3}},"3":{"start":{"line":12,"column":4},"end":{"line":12,"column":49}},"4":{"start":{"line":13,"column":4},"end":{"line":13,"column":18}},"5":{"start":{"line":17,"column":18},"end":{"line":45,"column":3}},"6":{"start":{"line":18,"column":4},"end":{"line":18,"column":27}},"7":{"start":{"line":20,"column":4},"end":{"line":44,"column":5}},"8":{"start":{"line":21,"column":6},"end":{"line":25,"column":9}},"9":{"start":{"line":26,"column":6},"end":{"line":26,"column":22}},"10":{"start":{"line":27,"column":6},"end":{"line":27,"column":20}},"11":{"start":{"line":28,"column":6},"end":{"line":28,"column":40}},"12":{"start":{"line":29,"column":6},"end":{"line":29,"column":21}},"13":{"start":{"line":30,"column":6},"end":{"line":32,"column":15}},"14":{"start":{"line":31,"column":8},"end":{"line":31,"column":30}},"15":{"start":{"line":33,"column":6},"end":{"line":33,"column":41}},"16":{"start":{"line":34,"column":6},"end":{"line":34,"column":22}},"17":{"start":{"line":36,"column":6},"end":{"line":39,"column":7}},"18":{"start":{"line":37,"column":8},"end":{"line":37,"column":53}},"19":{"start":{"line":38,"column":8},"end":{"line":38,"column":22}},"20":{"start":{"line":40,"column":6},"end":{"line":40,"column":41}},"21":{"start":{"line":41,"column":6},"end":{"line":43,"column":15}},"22":{"start":{"line":42,"column":8},"end":{"line":42,"column":30}},"23":{"start":{"line":47,"column":2},"end":{"line":72,"column":3}},"24":{"start":{"line":50,"column":8},"end":{"line":50,"column":127}},"25":{"start":{"line":64,"column":31},"end":{"line":64,"column":45}},"26":{"start":{"line":65,"column":71},"end":{"line":65,"column":89}}},"fnMap":{"0":{"name":"(anonymous_0)","decl":{"start":{"line":6,"column":17},"end":{"line":6,"column":18}},"loc":{"start":{"line":6,"column":115},"end":{"line":73,"column":1}},"line":6},"1":{"name":"(anonymous_1)","decl":{"start":{"line":11,"column":23},"end":{"line":11,"column":24}},"loc":{"start":{"line":11,"column":29},"end":{"line":14,"column":3}},"line":11},"2":{"name":"(anonymous_2)","decl":{"start":{"line":17,"column":18},"end":{"line":17,"column":19}},"loc":{"start":{"line":17,"column":35},"end":{"line":45,"column":3}},"line":17},"3":{"name":"(anonymous_3)","decl":{"start":{"line":30,"column":17},"end":{"line":30,"column":18}},"loc":{"start":{"line":30,"column":23},"end":{"line":32,"column":7}},"line":30},"4":{"name":"(anonymous_4)","decl":{"start":{"line":41,"column":17},"end":{"line":41,"column":18}},"loc":{"start":{"line":41,"column":23},"end":{"line":43,"column":7}},"line":41},"5":{"name":"(anonymous_5)","decl":{"start":{"line":49,"column":17},"end":{"line":49,"column":18}},"loc":{"start":{"line":50,"column":8},"end":{"line":50,"column":127}},"line":50},"6":{"name":"(anonymous_6)","decl":{"start":{"line":64,"column":25},"end":{"line":64,"column":26}},"loc":{"start":{"line":64,"column":31},"end":{"line":64,"column":45}},"line":64},"7":{"name":"(anonymous_7)","decl":{"start":{"line":65,"column":65},"end":{"line":65,"column":66}},"loc":{"start":{"line":65,"column":71},"end":{"line":65,"column":89}},"line":65}},"branchMap":{"0":{"loc":{"start":{"line":36,"column":6},"end":{"line":39,"column":7}},"type":"if","locations":[{"start":{"line":36,"column":6},"end":{"line":39,"column":7}},{"start":{},"end":{}}],"line":36},"1":{"loc":{"start":{"line":52,"column":7},"end":{"line":65,"column":115}},"type":"cond-expr","locations":[{"start":{"line":53,"column":8},"end":{"line":65,"column":15}},{"start":{"line":65,"column":18},"end":{"line":65,"column":115}}],"line":52},"2":{"loc":{"start":{"line":68,"column":13},"end":{"line":68,"column":40}},"type":"cond-expr","locations":[{"start":{"line":68,"column":20},"end":{"line":68,"column":33}},{"start":{"line":68,"column":36},"end":{"line":68,"column":40}}],"line":68}},"s":{"0":0,"1":0,"2":0,"3":0,"4":0,"5":0,"6":0,"7":0,"8":0,"9":0,"10":0,"11":0,"12":0,"13":0,"14":0,"15":0,"16":0,"17":0,"18":0,"19":0,"20":0,"21":0,"22":0,"23":0,"24":0,"25":0,"26":0},"f":{"0":0,"1":0,"2":0,"3":0,"4":0,"5":0,"6":0,"7":0},"b":{"0":[0,0],"1":[0,0],"2":[0,0]}}
,"/Users/user/Desktop/FullStack/Part5/bloglist-frontend/src/components/CreateNote.jsx": {"path":"/Users/user/Desktop/FullStack/Part5/bloglist-frontend/src/components/CreateNote.jsx","statementMap":{"0":{"start":{"line":1,"column":19},"end":{"line":27,"column":3}},"1":{"start":{"line":2,"column":4},"end":{"line":26,"column":6}},"2":{"start":{"line":12,"column":40},"end":{"line":12,"column":65}},"3":{"start":{"line":22,"column":40},"end":{"line":22,"column":63}}},"fnMap":{"0":{"name":"(anonymous_0)","decl":{"start":{"line":1,"column":19},"end":{"line":1,"column":20}},"loc":{"start":{"line":1,"column":70},"end":{"line":27,"column":3}},"line":1},"1":{"name":"(anonymous_1)","decl":{"start":{"line":12,"column":24},"end":{"line":12,"column":25}},"loc":{"start":{"line":12,"column":40},"end":{"line":12,"column":65}},"line":12},"2":{"name":"(anonymous_2)","decl":{"start":{"line":22,"column":24},"end":{"line":22,"column":25}},"loc":{"start":{"line":22,"column":40},"end":{"line":22,"column":63}},"line":22}},"branchMap":{},"s":{"0":0,"1":0,"2":0,"3":0},"f":{"0":0,"1":0,"2":0},"b":{}}
,"/Users/user/Desktop/FullStack/Part5/bloglist-frontend/src/components/LoginForm.jsx": {"path":"/Users/user/Desktop/FullStack/Part5/bloglist-frontend/src/components/LoginForm.jsx","statementMap":{"0":{"start":{"line":4,"column":18},"end":{"line":64,"column":1}},"1":{"start":{"line":15,"column":22},"end":{"line":37,"column":3}},"2":{"start":{"line":16,"column":4},"end":{"line":16,"column":27}},"3":{"start":{"line":17,"column":4},"end":{"line":36,"column":5}},"4":{"start":{"line":18,"column":19},"end":{"line":21,"column":8}},"5":{"start":{"line":23,"column":6},"end":{"line":23,"column":70}},"6":{"start":{"line":25,"column":6},"end":{"line":25,"column":39}},"7":{"start":{"line":27,"column":6},"end":{"line":27,"column":20}},"8":{"start":{"line":29,"column":6},"end":{"line":29,"column":22}},"9":{"start":{"line":30,"column":6},"end":{"line":30,"column":22}},"10":{"start":{"line":32,"column":6},"end":{"line":32,"column":43}},"11":{"start":{"line":33,"column":6},"end":{"line":35,"column":15}},"12":{"start":{"line":34,"column":8},"end":{"line":34,"column":30}},"13":{"start":{"line":39,"column":2},"end":{"line":63,"column":4}},"14":{"start":{"line":48,"column":36},"end":{"line":48,"column":61}},"15":{"start":{"line":58,"column":36},"end":{"line":58,"column":61}}},"fnMap":{"0":{"name":"(anonymous_0)","decl":{"start":{"line":4,"column":18},"end":{"line":4,"column":19}},"loc":{"start":{"line":11,"column":6},"end":{"line":64,"column":1}},"line":11},"1":{"name":"(anonymous_1)","decl":{"start":{"line":15,"column":22},"end":{"line":15,"column":23}},"loc":{"start":{"line":15,"column":39},"end":{"line":37,"column":3}},"line":15},"2":{"name":"(anonymous_2)","decl":{"start":{"line":33,"column":17},"end":{"line":33,"column":18}},"loc":{"start":{"line":33,"column":23},"end":{"line":35,"column":7}},"line":33},"3":{"name":"(anonymous_3)","decl":{"start":{"line":48,"column":20},"end":{"line":48,"column":21}},"loc":{"start":{"line":48,"column":36},"end":{"line":48,"column":61}},"line":48},"4":{"name":"(anonymous_4)","decl":{"start":{"line":58,"column":20},"end":{"line":58,"column":21}},"loc":{"start":{"line":58,"column":36},"end":{"line":58,"column":61}},"line":58}},"branchMap":{},"s":{"0":0,"1":0,"2":0,"3":0,"4":0,"5":0,"6":0,"7":0,"8":0,"9":0,"10":0,"11":0,"12":0,"13":0,"14":0,"15":0},"f":{"0":0,"1":0,"2":0,"3":0,"4":0},"b":{}}
,"/Users/user/Desktop/FullStack/Part5/bloglist-frontend/src/services/blogs.js": {"path":"/Users/user/Desktop/FullStack/Part5/bloglist-frontend/src/services/blogs.js","statementMap":{"0":{"start":{"line":2,"column":16},"end":{"line":2,"column":28}},"1":{"start":{"line":5,"column":12},"end":{"line":5,"column":16}},"2":{"start":{"line":8,"column":17},"end":{"line":10,"column":1}},"3":{"start":{"line":9,"column":2},"end":{"line":9,"column":31}},"4":{"start":{"line":13,"column":15},"end":{"line":16,"column":1}},"5":{"start":{"line":14,"column":19},"end":{"line":14,"column":43}},"6":{"start":{"line":15,"column":2},"end":{"line":15,"column":23}},"7":{"start":{"line":19,"column":15},"end":{"line":25,"column":1}},"8":{"start":{"line":20,"column":17},"end":{"line":22,"column":3}},"9":{"start":{"line":23,"column":19},"end":{"line":23,"column":63}},"10":{"start":{"line":24,"column":2},"end":{"line":24,"column":23}},"11":{"start":{"line":28,"column":15},"end":{"line":34,"column":1}},"12":{"start":{"line":29,"column":17},"end":{"line":31,"column":3}},"13":{"start":{"line":32,"column":19},"end":{"line":32,"column":73}},"14":{"start":{"line":33,"column":2},"end":{"line":33,"column":23}},"15":{"start":{"line":37,"column":15},"end":{"line":43,"column":1}},"16":{"start":{"line":38,"column":17},"end":{"line":40,"column":3}},"17":{"start":{"line":41,"column":19},"end":{"line":41,"column":65}},"18":{"start":{"line":42,"column":2},"end":{"line":42,"column":23}}},"fnMap":{"0":{"name":"(anonymous_0)","decl":{"start":{"line":8,"column":17},"end":{"line":8,"column":18}},"loc":{"start":{"line":8,"column":31},"end":{"line":10,"column":1}},"line":8},"1":{"name":"(anonymous_1)","decl":{"start":{"line":13,"column":15},"end":{"line":13,"column":16}},"loc":{"start":{"line":13,"column":27},"end":{"line":16,"column":1}},"line":13},"2":{"name":"(anonymous_2)","decl":{"start":{"line":19,"column":15},"end":{"line":19,"column":16}},"loc":{"start":{"line":19,"column":36},"end":{"line":25,"column":1}},"line":19},"3":{"name":"(anonymous_3)","decl":{"start":{"line":28,"column":15},"end":{"line":28,"column":16}},"loc":{"start":{"line":28,"column":40},"end":{"line":34,"column":1}},"line":28},"4":{"name":"(anonymous_4)","decl":{"start":{"line":37,"column":15},"end":{"line":37,"column":16}},"loc":{"start":{"line":37,"column":29},"end":{"line":43,"column":1}},"line":37}},"branchMap":{},"s":{"0":1,"1":1,"2":1,"3":0,"4":1,"5":0,"6":0,"7":1,"8":0,"9":0,"10":0,"11":1,"12":0,"13":0,"14":0,"15":1,"16":0,"17":0,"18":0},"f":{"0":0,"1":0,"2":0,"3":0,"4":0},"b":{},"_coverageSchema":"1a1c01bbd47fc00a2c39e90264f33305004495a9","hash":"7dedd077dcdcbfb4f01523e070140d8ea48d0703"}
,"/Users/user/Desktop/FullStack/Part5/bloglist-frontend/src/services/login.js": {"path":"/Users/user/Desktop/FullStack/Part5/bloglist-frontend/src/services/login.js","statementMap":{"0":{"start":{"line":2,"column":16},"end":{"line":2,"column":28}},"1":{"start":{"line":6,"column":14},"end":{"line":9,"column":1}},"2":{"start":{"line":7,"column":18},"end":{"line":7,"column":56}},"3":{"start":{"line":8,"column":2},"end":{"line":8,"column":22}}},"fnMap":{"0":{"name":"(anonymous_0)","decl":{"start":{"line":6,"column":14},"end":{"line":6,"column":15}},"loc":{"start":{"line":6,"column":37},"end":{"line":9,"column":1}},"line":6}},"branchMap":{},"s":{"0":0,"1":0,"2":0,"3":0},"f":{"0":0},"b":{}}
}
